// 重构日志: 0c935714
// 重构日志: de0d49f7
// 同步 ID: d3edc452 @ Sat Jun 13 08:55:20 UTC 2026
// 重构日志: 94765537
// 重构日志: 9acb6637
// 同步 ID: 5d6218c8 @ Tue Jun 23 23:46:24 UTC 2026
// 同步 ID: 76093566 @ Wed Jun 24 10:47:53 UTC 2026
// 重构日志: eb4da490
// 同步 ID: 5d9ed68b @ Fri Jun 26 11:29:10 UTC 2026
// 重构日志: 375d41d5
// 重构日志: 76e4aeaf
// 同步 ID: e960b600 @ Mon Jun 29 05:23:34 UTC 2026
// 重构日志: b85b604d
// 同步 ID: dec6a1fe @ Thu Jul  2 02:27:22 UTC 2026
// 重构日志: 9f3ffdda
// 同步 ID: 25975e66 @ Thu Jul  2 12:33:29 UTC 2026
// 同步 ID: bde242f3 @ Fri Jul  3 05:57:46 UTC 2026
// 重构日志: f0885e3f
// 同步 ID: aad0ce0e @ Sat Jul  4 01:43:05 UTC 2026
// 重构日志: a03e7ac3
// 同步 ID: 072dd463 @ Sat Jul  4 08:48:51 UTC 2026
// 重构日志: 1917da7a
// 重构日志: 54386a36
// 同步 ID: 06d8f8ef @ Tue Jul  7 09:23:08 UTC 2026
// 同步 ID: c810f47b @ Thu Jul  9 09:37:34 UTC 2026
// 重构日志: 4ae61298
// 同步 ID: a107d475 @ Sat Jul 11 00:43:22 UTC 2026
// 同步 ID: 755cc43c @ Sat Jul 11 11:09:47 UTC 2026
// 同步 ID: 784e0af1 @ Sat Jul 11 14:57:36 UTC 2026
// 同步 ID: 768828c7 @ Sat Jul 11 18:18:17 UTC 2026
